### 23.09.2021 22:01:06
Array
(
    [menu] => Array
        (
            [0] => Array
                (
                    [url] => /?page=index
                    [name] => Главная
                )

            [1] => Array
                (
                    [url] => /?page=catalog
                    [name] => Каталог
                )

            [2] => Array
                (
                    [url] => /?page=catalogspa
                    [name] => Каталог SPA
                )

            [3] => Array
                (
                    [url] => /?page=about
                    [name] => О нас
                )

            [4] => Array
                (
                    [url] => /?page=ex
                    [name] => Упражнения
                    [submenu] => Array
                        (
                            [0] => Array
                                (
                                    [url] => /?page=ex#1
                                    [name] => Упражнение1
                                )

                            [1] => Array
                                (
                                    [url] => /?page=ex#2
                                    [name] => Упражнение2
                                )

                            [2] => Array
                                (
                                    [url] => /?page=ex#3
                                    [name] => Упражнение3
                                )

                        )

                )

        )

    [title] => Упражнения Урок 3
)



### 23.09.2021 22:01:08
Array
(
    [menu] => Array
        (
            [0] => Array
                (
                    [url] => /?page=index
                    [name] => Главная
                )

            [1] => Array
                (
                    [url] => /?page=catalog
                    [name] => Каталог
                )

            [2] => Array
                (
                    [url] => /?page=catalogspa
                    [name] => Каталог SPA
                )

            [3] => Array
                (
                    [url] => /?page=about
                    [name] => О нас
                )

            [4] => Array
                (
                    [url] => /?page=ex
                    [name] => Упражнения
                    [submenu] => Array
                        (
                            [0] => Array
                                (
                                    [url] => /?page=ex#1
                                    [name] => Упражнение1
                                )

                            [1] => Array
                                (
                                    [url] => /?page=ex#2
                                    [name] => Упражнение2
                                )

                            [2] => Array
                                (
                                    [url] => /?page=ex#3
                                    [name] => Упражнение3
                                )

                        )

                )

        )

    [title] => Главная
)



### 23.09.2021 22:01:10
Array
(
    [menu] => Array
        (
            [0] => Array
                (
                    [url] => /?page=index
                    [name] => Главная
                )

            [1] => Array
                (
                    [url] => /?page=catalog
                    [name] => Каталог
                )

            [2] => Array
                (
                    [url] => /?page=catalogspa
                    [name] => Каталог SPA
                )

            [3] => Array
                (
                    [url] => /?page=about
                    [name] => О нас
                )

            [4] => Array
                (
                    [url] => /?page=ex
                    [name] => Упражнения
                    [submenu] => Array
                        (
                            [0] => Array
                                (
                                    [url] => /?page=ex#1
                                    [name] => Упражнение1
                                )

                            [1] => Array
                                (
                                    [url] => /?page=ex#2
                                    [name] => Упражнение2
                                )

                            [2] => Array
                                (
                                    [url] => /?page=ex#3
                                    [name] => Упражнение3
                                )

                        )

                )

        )

    [title] => Каталог
    [catalog] => Array
        (
            [catalog] => Array
                (
                    [0] => Array
                        (
                            [name] => Пицца
                            [price] => 24
                        )

                    [1] => Array
                        (
                            [name] => Чай
                            [price] => 1
                        )

                    [2] => Array
                        (
                            [name] => Яблоко
                            [price] => 12
                        )

                )

        )

)



### 23.09.2021 22:01:12
Array
(
    [menu] => Array
        (
            [0] => Array
                (
                    [url] => /?page=index
                    [name] => Главная
                )

            [1] => Array
                (
                    [url] => /?page=catalog
                    [name] => Каталог
                )

            [2] => Array
                (
                    [url] => /?page=catalogspa
                    [name] => Каталог SPA
                )

            [3] => Array
                (
                    [url] => /?page=about
                    [name] => О нас
                )

            [4] => Array
                (
                    [url] => /?page=ex
                    [name] => Упражнения
                    [submenu] => Array
                        (
                            [0] => Array
                                (
                                    [url] => /?page=ex#1
                                    [name] => Упражнение1
                                )

                            [1] => Array
                                (
                                    [url] => /?page=ex#2
                                    [name] => Упражнение2
                                )

                            [2] => Array
                                (
                                    [url] => /?page=ex#3
                                    [name] => Упражнение3
                                )

                        )

                )

        )

)



### 23.09.2021 22:01:13
Array
(
    [menu] => Array
        (
            [0] => Array
                (
                    [url] => /?page=index
                    [name] => Главная
                )

            [1] => Array
                (
                    [url] => /?page=catalog
                    [name] => Каталог
                )

            [2] => Array
                (
                    [url] => /?page=catalogspa
                    [name] => Каталог SPA
                )

            [3] => Array
                (
                    [url] => /?page=about
                    [name] => О нас
                )

            [4] => Array
                (
                    [url] => /?page=ex
                    [name] => Упражнения
                    [submenu] => Array
                        (
                            [0] => Array
                                (
                                    [url] => /?page=ex#1
                                    [name] => Упражнение1
                                )

                            [1] => Array
                                (
                                    [url] => /?page=ex#2
                                    [name] => Упражнение2
                                )

                            [2] => Array
                                (
                                    [url] => /?page=ex#3
                                    [name] => Упражнение3
                                )

                        )

                )

        )

    [title] => О нас
    [phone] => +7 (925) 453 54 35
)



### 23.09.2021 22:01:14
Array
(
    [menu] => Array
        (
            [0] => Array
                (
                    [url] => /?page=index
                    [name] => Главная
                )

            [1] => Array
                (
                    [url] => /?page=catalog
                    [name] => Каталог
                )

            [2] => Array
                (
                    [url] => /?page=catalogspa
                    [name] => Каталог SPA
                )

            [3] => Array
                (
                    [url] => /?page=about
                    [name] => О нас
                )

            [4] => Array
                (
                    [url] => /?page=ex
                    [name] => Упражнения
                    [submenu] => Array
                        (
                            [0] => Array
                                (
                                    [url] => /?page=ex#1
                                    [name] => Упражнение1
                                )

                            [1] => Array
                                (
                                    [url] => /?page=ex#2
                                    [name] => Упражнение2
                                )

                            [2] => Array
                                (
                                    [url] => /?page=ex#3
                                    [name] => Упражнение3
                                )

                        )

                )

        )

    [title] => Упражнения Урок 3
)



